\BOOKMARK [0][-]{chapter.1}{\376\377\000I\000n\000t\000r\000o\000d\000u\000c\000t\000i\000o\000n}{}% 1
\BOOKMARK [1][-]{section.1.1}{\376\377\000M\000a\000c\000h\000i\000n\000e\000\040\000L\000e\000a\000r\000n\000i\000n\000g\000\040\000B\000a\000s\000i\000c\000s}{chapter.1}% 2
\BOOKMARK [2][-]{subsubsection*.5}{\376\377\000R\000e\000g\000r\000e\000s\000s\000i\000o\000n\000\040\000v\000s\000\040\000C\000l\000a\000s\000s\000i\000f\000i\000c\000a\000t\000i\000o\000n}{section.1.1}% 3
\BOOKMARK [2][-]{subsection.1.1.1}{\376\377\000U\000n\000s\000u\000p\000e\000r\000v\000i\000s\000e\000d\000\040\000L\000e\000a\000r\000n\000i\000n\000g}{section.1.1}% 4
\BOOKMARK [2][-]{subsection.1.1.2}{\376\377\000S\000u\000p\000e\000r\000v\000i\000s\000e\000d\000\040\000L\000e\000a\000r\000i\000n\000g}{section.1.1}% 5
\BOOKMARK [1][-]{section.1.2}{\376\377\000L\000i\000n\000e\000a\000r\000\040\000M\000o\000d\000e\000l}{chapter.1}% 6
\BOOKMARK [1][-]{section.1.3}{\376\377\000D\000e\000r\000i\000v\000a\000t\000i\000v\000e\000s\000\040\000a\000n\000d\000\040\000G\000r\000a\000d\000i\000e\000n\000t\000s}{chapter.1}% 7
\BOOKMARK [2][-]{subsection.1.3.1}{\376\377\000I\000n\000t\000e\000r\000p\000r\000e\000t\000i\000n\000g\000\040\000a\000\040\000L\000i\000n\000e\000a\000r\000\040\000M\000o\000d\000e\000l}{section.1.3}% 8
\BOOKMARK [2][-]{subsection.1.3.2}{\376\377\000L\000i\000n\000e\000a\000r\000\040\000m\000o\000d\000e\000l\000\040\000w\000i\000t\000h\000\040\000m\000u\000l\000t\000i\000p\000l\000e\000\040\000o\000u\000t\000p\000u\000t\000s}{section.1.3}% 9
\BOOKMARK [2][-]{subsection.1.3.3}{\376\377\000L\000i\000n\000e\000a\000r\000\040\000C\000l\000a\000s\000s\000i\000f\000i\000c\000a\000t\000i\000o\000n}{section.1.3}% 10
\BOOKMARK [1][-]{section.1.4}{\376\377\000L\000i\000n\000e\000a\000r\000\040\000M\000o\000d\000e\000l\000\040\000f\000o\000r\000\040\000C\000l\000a\000s\000s\000i\000f\000i\000c\000a\000t\000i\000o\000n}{chapter.1}% 11
\BOOKMARK [2][-]{subsection.1.4.1}{\376\377\000L\000o\000s\000s\000\040\000F\000u\000n\000c\000t\000i\000o\000n\000\040\000a\000d\000\040\000E\000m\000p\000r\000i\000c\000i\000a\000l\000\040\000R\000i\000s\000k}{section.1.4}% 12
\BOOKMARK [2][-]{subsection.1.4.2}{\376\377\000I\000t\000e\000r\000a\000t\000i\000v\000e\000,\000\040\000G\000r\000a\000d\000i\000e\000n\000t\000-\000b\000a\000s\000e\000d\000\040\000o\000p\000t\000i\000m\000i\000z\000a\000t\000i\000o\000n}{section.1.4}% 13
\BOOKMARK [1][-]{section.1.5}{\376\377\000C\000l\000a\000s\000s\000i\000f\000i\000c\000a\000t\000i\000o\000n\000\040\000M\000e\000t\000r\000i\000c}{chapter.1}% 14
\BOOKMARK [2][-]{subsection.1.5.1}{\376\377\000F\000r\000o\000m\000\040\000b\000i\000n\000a\000r\000y\000\040\000t\000o\000\040\000m\000u\000l\000t\000i\000-\000c\000l\000a\000s\000s\000\040\000c\000l\000a\000s\000s\000i\000f\000i\000c\000a\000t\000i\000o\000n}{section.1.5}% 15
\BOOKMARK [2][-]{subsection.1.5.2}{\376\377\000D\000e\000c\000i\000s\000i\000o\000n\000\040\000B\000o\000u\000n\000d\000a\000r\000y}{section.1.5}% 16
\BOOKMARK [2][-]{subsection.1.5.3}{\376\377\000M\000u\000l\000t\000i\000-\000c\000l\000a\000s\000s\000\040\000l\000o\000g\000i\000s\000t\000i\000c\000\040\000r\000e\000g\000r\000e\000s\000s\000i\000o\000n}{section.1.5}% 17
\BOOKMARK [3][-]{subsubsection*.77}{\376\377\000E\000v\000a\000l\000u\000a\000t\000i\000o\000n\000\040\000m\000e\000t\000r\000i\000c\000s\000\040\000f\000o\000r\000\040\000m\000u\000l\000t\000i\000-\000c\000l\000a\000s\000s\000\040\000c\000l\000a\000s\000s\000i\000f\000i\000c\000a\000t\000i\000o\000n}{subsection.1.5.3}% 18
\BOOKMARK [1][-]{section.1.6}{\376\377\000k\000-\000n\000e\000a\000r\000e\000s\000t\000\040\000N\000e\000i\000g\000h\000b\000o\000r}{chapter.1}% 19
\BOOKMARK [2][-]{subsection.1.6.1}{\376\377\000N\000N\000:\000\040\000A\000l\000g\000o\000r\000i\000t\000h\000m}{section.1.6}% 20
\BOOKMARK [2][-]{subsection.1.6.2}{\376\377\000k\000-\000n\000e\000a\000r\000e\000s\000t\000\040\000n\000e\000i\000g\000h\000b\000o\000r\000s}{section.1.6}% 21
\BOOKMARK [2][-]{subsection.1.6.3}{\376\377\000S\000u\000m\000m\000a\000r\000y}{section.1.6}% 22
\BOOKMARK [1][-]{section.1.7}{\376\377\000N\000o\000n\000l\000i\000n\000e\000a\000r\000\040\000c\000l\000a\000s\000s\000i\000f\000i\000c\000a\000t\000i\000o\000n}{chapter.1}% 23
\BOOKMARK [2][-]{subsection.1.7.1}{\376\377\000P\000o\000l\000y\000n\000o\000m\000i\000a\000l\000\040\000c\000u\000r\000v\000e\000\040\000f\000i\000t\000t\000i\000n\000g}{section.1.7}% 24
\BOOKMARK [1][-]{section.1.8}{\376\377\000O\000v\000e\000r\000f\000i\000t\000t\000i\000n\000g\000,\000\040\000C\000r\000o\000s\000s\000-\000v\000a\000l\000i\000d\000a\000t\000i\000o\000n\000\040\000a\000n\000d\000\040\000R\000e\000g\000u\000l\000a\000r\000i\000z\000a\000t\000i\000o\000n}{chapter.1}% 25
\BOOKMARK [1][-]{section.1.9}{\376\377\000K\000e\000r\000n\000e\000l\000\040\000m\000e\000t\000h\000o\000d\000s}{chapter.1}% 26
\BOOKMARK [1][-]{section.1.10}{\376\377\000K\000e\000r\000n\000e\000l\000\040\000f\000u\000n\000c\000t\000i\000o\000n}{chapter.1}% 27
\BOOKMARK [2][-]{subsection.1.10.1}{\376\377\000K\000e\000r\000n\000e\000l\000i\000z\000a\000t\000i\000o\000n}{section.1.10}% 28
\BOOKMARK [0][-]{chapter.2}{\376\377\000S\000u\000p\000e\000r\000v\000i\000s\000e\000d\000\040\000L\000i\000n\000e\000a\000r\000\040\000M\000L}{}% 29
\BOOKMARK [0][-]{chapter.3}{\376\377\000U\000n\000s\000u\000p\000e\000r\000v\000i\000s\000e\000d\000\040\000L\000i\000n\000e\000a\000r\000\040\000M\000L}{}% 30
