\BOOKMARK [-1][-]{part.1}{\376\377\000I\000\040\000C\000o\000m\000p\000l\000e\000x\000\040\000N\000u\000m\000b\000e\000r\000s}{}% 1
\BOOKMARK [0][-]{chapter.1}{\376\377\000R\000e\000v\000i\000e\000w\000\040\000o\000f\000\040\000C\000o\000m\000p\000l\000e\000x\000\040\000n\000u\000m\000b\000e\000r\000\040\000C}{part.1}% 2
\BOOKMARK [1][-]{section.1.1}{\376\377\000C\000o\000n\000s\000t\000r\000u\000c\000t\000i\000o\000n\000\040\000o\000f\000\040\000C\000\040\000\050\000n\000o\000t\000\040\000i\000n\000\040\000t\000h\000e\000\040\000c\000o\000u\000r\000s\000e\000\051}{chapter.1}% 3
\BOOKMARK [-1][-]{part.2}{\376\377\000I\000I\000\040\000H\000o\000l\000o\000m\000o\000r\000p\000h\000i\000c\000\040\000F\000u\000n\000c\000t\000i\000o\000n\000s}{}% 4
\BOOKMARK [0][-]{chapter.2}{\376\377\000C\000o\000m\000p\000l\000e\000x\000\040\000F\000u\000n\000c\000t\000i\000o\000n\000s}{part.2}% 5
\BOOKMARK [1][-]{section.2.1}{\376\377\000L\000i\000m\000i\000t\000\040\000a\000n\000d\000\040\000C\000o\000n\000t\000i\000n\000u\000i\000t\000y}{chapter.2}% 6
\BOOKMARK [1][-]{section.2.2}{\376\377\000C\000o\000m\000p\000l\000e\000x\000\040\000D\000e\000r\000i\000v\000a\000t\000i\000v\000e}{chapter.2}% 7
\BOOKMARK [1][-]{section.2.3}{\376\377\000C\000a\000u\000c\000h\000y\000-\000R\000i\000e\000m\000a\000n\000n\000\040\000e\000q\000u\000a\000t\000i\000o\000n\000s}{chapter.2}% 8
\BOOKMARK [1][-]{section.2.4}{\376\377\000R\000u\000l\000e\000s\000\040\000f\000o\000r\000\040\000d\000i\000f\000f\000e\000r\000e\000n\000t\000i\000a\000t\000i\000o\000n}{chapter.2}% 9
\BOOKMARK [1][-]{section.2.5}{\376\377\000C\000o\000m\000p\000l\000e\000x\000\040\000l\000o\000g\000a\000r\000i\000t\000h\000m}{chapter.2}% 10
\BOOKMARK [0][-]{chapter.3}{\376\377\000C\000o\000m\000p\000l\000e\000x\000\040\000i\000n\000t\000e\000g\000r\000a\000t\000i\000o\000n}{part.2}% 11
\BOOKMARK [1][-]{section.3.1}{\376\377\000L\000i\000n\000e\000\040\000i\000n\000t\000e\000g\000r\000a\000l\000s}{chapter.3}% 12
\BOOKMARK [2][-]{subsection.3.1.1}{\376\377\000C\000a\000u\000c\000h\000y\000'\000s\000\040\000T\000h\000e\000o\000r\000e\000m}{section.3.1}% 13
\BOOKMARK [3][-]{subsubsection*.34}{\376\377\000C\000a\000u\000c\000h\000y\000\040\000i\000n\000t\000e\000g\000r\000a\000l\000\040\000f\000o\000r\000m\000u\000l\000a}{subsection.3.1.1}% 14
\BOOKMARK [2][-]{subsection.3.1.2}{\376\377\000T\000r\000i\000c\000k\000\040\000t\000o\000\040\000c\000o\000m\000p\000u\000t\000e\000\040\000l\000i\000n\000e\000\040\000i\000n\000t\000e\000g\000r\000a\000l\000s\000\040\000e\000a\000s\000i\000l\000y}{section.3.1}% 15
\BOOKMARK [0][-]{chapter.4}{\376\377\000L\000a\000u\000r\000e\000n\000t\000\040\000S\000e\000r\000i\000e\000s}{part.2}% 16
\BOOKMARK [1][-]{section.4.1}{\376\377\000T\000a\000y\000l\000o\000r\000\040\000s\000e\000r\000i\000e\000s}{chapter.4}% 17
\BOOKMARK [1][-]{section.4.2}{\376\377\000T\000a\000y\000l\000o\000r\000\040\000s\000e\000r\000i\000e\000s\000/\000\040\000R\000e\000g\000u\000l\000a\000r\000\040\000L\000a\000u\000r\000e\000n\000t\000\040\000S\000e\000r\000i\000e\000s\000\040\000f\000o\000r\000\040\000c\000o\000m\000p\000l\000e\000x\000\040\000f\000u\000n\000c\000t\000i\000o\000n\000s}{chapter.4}% 18
\BOOKMARK [1][-]{section.4.3}{\376\377\000L\000a\000u\000r\000e\000n\000t\000\040\000S\000e\000r\000i\000e\000s}{chapter.4}% 19
\BOOKMARK [2][-]{subsection.4.3.1}{\376\377\000R\000e\000g\000u\000l\000a\000r\000\040\000p\000o\000i\000n\000t}{section.4.3}% 20
\BOOKMARK [1][-]{section.4.4}{\376\377\000R\000e\000s\000i\000d\000u\000e\000s\000\040\000T\000h\000e\000o\000r\000e\000m}{chapter.4}% 21
\BOOKMARK [2][-]{subsection.4.4.1}{\376\377\000R\000e\000s\000i\000d\000u\000e\000\040\000T\000h\000e\000o\000r\000e\000m}{section.4.4}% 22
\BOOKMARK [2][-]{subsection.4.4.2}{\376\377\000A\000p\000p\000l\000i\000c\000a\000t\000i\000o\000n\000s}{section.4.4}% 23
\BOOKMARK [-1][-]{part.3}{\376\377\000I\000I\000I\000\040\000I\000n\000t\000e\000g\000r\000a\000l\000\040\000T\000r\000a\000n\000s\000f\000o\000r\000m\000s}{}% 24
\BOOKMARK [0][-]{chapter.5}{\376\377\000R\000e\000v\000i\000e\000w\000\040\000o\000f\000\040\000F\000o\000u\000r\000i\000e\000r\000\040\000A\000n\000a\000l\000y\000s\000i\000s}{part.3}% 25
\BOOKMARK [0][-]{chapter.6}{\376\377\000L\000a\000p\000l\000a\000c\000e\000\040\000T\000r\000a\000n\000s\000f\000o\000r\000m}{part.3}% 26
\BOOKMARK [1][-]{section.6.1}{\376\377\000C\000o\000n\000v\000e\000r\000g\000e\000n\000c\000e}{chapter.6}% 27
\BOOKMARK [1][-]{section.6.2}{\376\377\000P\000r\000o\000p\000e\000r\000t\000i\000e\000s\000\040\000o\000f\000\040\000t\000h\000e\000\040\000L\000a\000p\000l\000a\000c\000e\000\040\000t\000r\000a\000n\000s\000f\000o\000r\000m}{chapter.6}% 28
\BOOKMARK [1][-]{section.6.3}{\376\377\000A\000p\000p\000l\000i\000c\000a\000t\000i\000o\000n\000s\000\040\000o\000f\000\040\000L\000a\000p\000l\000a\000c\000e\000\040\000a\000n\000a\000l\000y\000s\000i\000s\000\040\000t\000o\000\040\000t\000h\000e\000\040\000C\000a\000u\000c\000h\000y\000\040\000p\000r\000o\000b\000l\000e\000m\000\040\000\050\000i\000n\000i\000t\000i\000a\000l\000\040\000v\000a\000l\000u\000e\000\040\000p\000r\000o\000b\000l\000e\000m\000\051}{chapter.6}% 29
\BOOKMARK [2][-]{subsection.6.3.1}{\376\377\000O\000r\000d\000i\000n\000a\000r\000y\000\040\000D\000i\000f\000f\000e\000r\000e\000n\000t\000i\000a\000l\000\040\000E\000q\000u\000a\000t\000i\000o\000n\000s\000\040\000\050\000O\000D\000E\000\051\000\040\000w\000i\000t\000h\000\040\000c\000o\000n\000s\000t\000a\000n\000t\000\040\000c\000o\000e\000f\000f\000i\000c\000i\000e\000n\000t\000s}{section.6.3}% 30
\BOOKMARK [2][-]{subsection.6.3.2}{\376\377\000I\000n\000v\000e\000r\000s\000e\000\040\000L\000a\000p\000l\000a\000c\000e\000\040\000T\000r\000a\000n\000s\000f\000o\000r\000m}{section.6.3}% 31
\BOOKMARK [0][-]{chapter.7}{\376\377\000A\000p\000p\000l\000i\000c\000a\000t\000i\000o\000n\000\040\000t\000o\000\040\000p\000a\000r\000t\000i\000a\000l\000\040\000d\000i\000f\000f\000e\000r\000e\000n\000t\000i\000a\000l\000\040\000e\000q\000u\000a\000t\000i\000o\000n\000s\000\040\000\050\000P\000D\000E\000S\000\051}{part.3}% 32
\BOOKMARK [1][-]{subsection.7.0.1}{\376\377\000R\000e\000c\000a\000l\000l\000\040\000o\000f\000\040\000F\000o\000u\000r\000i\000e\000r\000\040\000s\000e\000r\000i\000e\000s}{chapter.7}% 33
\BOOKMARK [2][-]{subsection.7.0.2}{\376\377\000H\000e\000a\000t\000\040\000e\000q\000u\000a\000t\000i\000o\000n\000\040\000o\000n\000\040\000a\000\040\000b\000o\000u\000n\000d\000e\000d\000\040\000i\000n\000t\000e\000r\000v\000a\000l}{subsection.7.0.1}% 34
\BOOKMARK [2][-]{subsection.7.0.3}{\376\377\000W\000a\000v\000e\000\040\000e\000q\000u\000a\000t\000i\000o\000n\000\040\000o\000n\000\040\000a\000\040\000b\000o\000u\000n\000d\000e\000d\000\040\000d\000o\000m\000a\000i\000n}{subsection.7.0.1}% 35
\BOOKMARK [2][-]{subsection.7.0.4}{\376\377\000H\000e\000a\000t\000\040\000e\000q\000u\000a\000t\000i\000o\000n\000\040\000o\000n\000\040\000a\000n\000\040\000u\000n\000b\000o\000u\000n\000d\000e\000d\000\040\000d\000o\000m\000a\000i\000n}{subsection.7.0.1}% 36
\BOOKMARK [2][-]{subsection.7.0.5}{\376\377\000W\000a\000v\000e\000\040\000e\000q\000u\000a\000t\000i\000o\000n\000\040\000o\000n\000\040\000a\000n\000\040\000u\000n\000b\000o\000u\000n\000d\000e\000d\000\040\000i\000n\000t\000e\000r\000v\000a\000l}{subsection.7.0.1}% 37
\BOOKMARK [2][-]{subsection.7.0.6}{\376\377\000S\000h\000r\000\366\000d\000i\000n\000g\000e\000r\000\040\000e\000q\000u\000a\000t\000i\000o\000n\000\040\000o\000n\000\040\000a\000n\000\040\000u\000n\000b\000o\000u\000n\000d\000e\000d\000\040\000i\000n\000t\000e\000r\000v\000a\000l}{subsection.7.0.1}% 38
