\BOOKMARK [-1][-]{part.1}{\376\377\000I\000\040\000M\000i\000d\000t\000e\000r\000m}{}% 1
\BOOKMARK [0][-]{chapter.1}{\376\377\000P\000r\000o\000c\000e\000s\000s\000o\000r\000s\000\040\000a\000n\000d\000\040\000i\000n\000s\000t\000r\000u\000c\000t\000i\000o\000n\000\040\000s\000e\000t\000\040\000a\000r\000c\000h\000i\000t\000e\000c\000t\000u\000r\000e}{part.1}% 2
\BOOKMARK [1][-]{section.1.1}{\376\377\000I\000n\000s\000t\000r\000u\000c\000t\000i\000o\000n\000\040\000s\000e\000t\000\040\000a\000r\000c\000h\000i\000t\000e\000c\000t\000u\000r\000e}{chapter.1}% 3
\BOOKMARK [2][-]{subsubsection*.2}{\376\377\000T\000h\000e\000\040\000f\000i\000v\000e\000\040\000c\000l\000a\000s\000s\000i\000c\000\040\000c\000o\000m\000p\000o\000n\000e\000n\000t\000s\000\040\000o\000f\000\040\000a\000\040\000c\000o\000m\000p\000u\000t\000e\000r}{section.1.1}% 4
\BOOKMARK [1][-]{section.1.2}{\376\377\000I\000n\000s\000t\000r\000u\000c\000t\000i\000o\000n\000\040\000s\000e\000t\000\040\000a\000r\000c\000h\000i\000t\000e\000c\000t\000u\000r\000e\000:\000\040\000B\000r\000a\000n\000c\000h\000e\000s\000,\000\040\000F\000u\000n\000c\000t\000i\000o\000n\000\040\000a\000n\000d\000\040\000s\000t\000a\000c\000k}{chapter.1}% 5
\BOOKMARK [2][-]{subsubsection*.3}{\376\377\000A\000n\000\040\000i\000f\000-\000t\000h\000e\000n\000-\000e\000l\000s\000e}{section.1.2}% 6
\BOOKMARK [3][-]{subsubsection*.4}{\376\377\000A\000\040\000D\000o\000-\000w\000h\000i\000l\000e\000\040\000l\000o\000o\000p}{subsubsection*.3}% 7
\BOOKMARK [2][-]{subsection.1.2.1}{\376\377\000F\000u\000n\000c\000t\000i\000o\000n\000s}{section.1.2}% 8
\BOOKMARK [2][-]{subsection.1.2.2}{\376\377\000T\000h\000e\000\040\000s\000t\000a\000c\000k}{section.1.2}% 9
\BOOKMARK [1][-]{section.1.3}{\376\377\000M\000e\000m\000o\000r\000y\000\040\000a\000n\000d\000\040\000A\000d\000d\000r\000e\000s\000s\000i\000n\000g\000\040\000M\000o\000d\000e\000s}{chapter.1}% 10
\BOOKMARK [2][-]{subsection.1.3.1}{\376\377\000M\000e\000m\000o\000r\000y}{section.1.3}% 11
\BOOKMARK [3][-]{subsubsection*.14}{\376\377\000L\000o\000a\000d\000\040\000a\000n\000d\000\040\000s\000t\000o\000r\000e\000\040\000i\000n\000s\000t\000r\000u\000c\000i\000t\000o\000n\000s}{subsection.1.3.1}% 12
\BOOKMARK [3][-]{subsubsection*.16}{\376\377\000B\000y\000t\000e\000\040\000a\000d\000d\000r\000e\000s\000s\000e\000d\000\040\000m\000e\000m\000o\000r\000y}{subsection.1.3.1}% 13
\BOOKMARK [1][-]{section.1.4}{\376\377\000A\000r\000r\000a\000y\000s\000\040\000a\000n\000d\000\040\000d\000a\000t\000a\000\040\000s\000t\000r\000u\000c\000t\000u\000r\000e\000s}{chapter.1}% 14
\BOOKMARK [1][-]{section.1.5}{\376\377\0001\000.\000e\000:\000\040\000I\000n\000s\000t\000r\000u\000c\000t\000i\000o\000n\000\040\000S\000e\000t\000\040\000a\000r\000c\000h\000i\000t\000e\000c\000t\000u\000r\000e\000\040\000A\000r\000i\000t\000h\000m\000e\000t\000i\000c}{chapter.1}% 15
\BOOKMARK [0][-]{chapter.2}{\376\377\000P\000r\000o\000c\000e\000s\000s\000o\000r\000s\000,\000\040\000I\000/\000O\000s\000,\000\040\000a\000n\000d\000\040\000E\000x\000c\000e\000p\000t\000i\000o\000n\000s}{part.1}% 16
\BOOKMARK [1][-]{section.2.1}{\376\377\0002\000a\000.\000\040\000M\000u\000l\000t\000i\000c\000y\000c\000l\000e\000\040\000P\000r\000o\000c\000e\000s\000s\000o\000r}{chapter.2}% 17
\BOOKMARK [2][-]{subsection.2.1.1}{\376\377\000B\000u\000i\000l\000d\000i\000n\000g\000\040\000t\000h\000e\000\040\000c\000i\000r\000c\000u\000i\000t}{section.2.1}% 18
\BOOKMARK [1][-]{section.2.2}{\376\377\0002\000b\000.\000\040\000P\000r\000o\000c\000e\000s\000s\000o\000r\000,\000\040\000I\000n\000p\000u\000t\000s\000\040\000a\000n\000d\000\040\000O\000u\000t\000p\000u\000t\000s}{chapter.2}% 19
\BOOKMARK [2][-]{subsection.2.2.1}{\376\377\000A\000\040\000C\000l\000a\000s\000s\000i\000c\000\040\000U\000A\000R\000T}{section.2.2}% 20
\BOOKMARK [1][-]{section.2.3}{\376\377\0002\000c\000:\000\040\000I\000n\000t\000e\000r\000r\000u\000p\000t\000s}{chapter.2}% 21
\BOOKMARK [2][-]{subsection.2.3.1}{\376\377\000D\000i\000r\000e\000c\000t\000\040\000M\000e\000m\000o\000r\000y\000\040\000A\000c\000c\000e\000s\000s\000\040\000\050\000D\000M\000A\000\051}{section.2.3}% 22
\BOOKMARK [1][-]{section.2.4}{\376\377\000E\000x\000c\000e\000p\000t\000i\000o\000n\000s}{chapter.2}% 23
\BOOKMARK [2][-]{subsubsection*.67}{\376\377\000P\000r\000o\000c\000e\000s\000s\000o\000r\000\040\000t\000a\000s\000k\000s\000\040\000o\000n\000\040\000E\000x\000c\000e\000p\000t\000i\000o\000n\000s}{section.2.4}% 24
\BOOKMARK [0][-]{chapter.3}{\376\377\000M\000e\000m\000o\000r\000y\000\040\000H\000i\000e\000r\000a\000r\000c\000h\000y}{part.1}% 25
\BOOKMARK [1][-]{section.3.1}{\376\377\000C\000a\000c\000h\000e\000s}{chapter.3}% 26
\BOOKMARK [2][-]{subsubsection*.81}{\376\377\000C\000a\000c\000h\000e\000:\000\040\000T\000h\000e\000\040\000i\000d\000e\000a}{section.3.1}% 27
\BOOKMARK [3][-]{subsubsection*.86}{\376\377\000C\000a\000c\000h\000e\000\040\000a\000n\000d\000\040\000C\000a\000c\000h\000e\000\040\000c\000o\000n\000t\000r\000o\000l\000l\000e\000r}{subsubsection*.81}% 28
\BOOKMARK [3][-]{subsubsection*.94}{\376\377\000W\000h\000i\000c\000h\000\040\000o\000n\000e\000\040\000i\000s\000\040\000t\000h\000e\000\040\000B\000e\000s\000t\000\040\000C\000a\000c\000h\000e}{subsubsection*.81}% 29
\BOOKMARK [2][-]{subsection.3.1.1}{\376\377\000W\000r\000i\000t\000e\000\040\000a\000n\000d\000\040\000C\000a\000c\000h\000e}{section.3.1}% 30
\BOOKMARK [3][-]{subsubsection*.101}{\376\377\000W\000r\000i\000t\000e\000\040\000H\000i\000t}{subsection.3.1.1}% 31
\BOOKMARK [3][-]{subsubsection*.103}{\376\377\000W\000r\000i\000t\000e\000\040\000m\000i\000s\000s}{subsection.3.1.1}% 32
\BOOKMARK [3][-]{subsubsection*.106}{\376\377\000S\000u\000m\000m\000a\000r\000y\000\040\000o\000f\000\040\000c\000a\000c\000h\000e\000\040\000F\000e\000a\000t\000u\000r\000e\000s}{subsection.3.1.1}% 33
\BOOKMARK [1][-]{section.3.2}{\376\377\0003\000b\000:\000\040\000S\000i\000m\000p\000l\000e\000\040\000C\000a\000c\000h\000e\000\040\000E\000x\000a\000m\000p\000l\000e\000s}{chapter.3}% 34
\BOOKMARK [1][-]{section.3.3}{\376\377\0003\000c\000\040\000V\000i\000r\000t\000u\000a\000l\000\040\000m\000e\000m\000o\000r\000y}{chapter.3}% 35
\BOOKMARK [2][-]{subsubsection*.140}{\376\377\000O\000v\000e\000r\000a\000l\000l\000\040\000P\000i\000c\000t\000u\000r\000e\000:\000\040\000T\000h\000e\000\040\000S\000y\000s\000t\000e\000m\000\040\000S\000i\000d\000e}{section.3.3}% 36
\BOOKMARK [3][-]{subsubsection*.141}{\376\377\000O\000V\000e\000r\000a\000l\000l\000\040\000P\000i\000c\000c\000t\000u\000r\000e\000:\000\040\000T\000h\000e\000\040\000P\000r\000o\000g\000r\000a\000m\000m\000e\000r\000\040\000S\000i\000d\000e}{subsubsection*.140}% 37
\BOOKMARK [1][-]{section.3.4}{\376\377\000S\000u\000m\000m\000a\000r\000y}{chapter.3}% 38
\BOOKMARK [1][-]{section.3.5}{\376\377\0003\000d\000.\000\040\000S\000i\000m\000p\000l\000e\000s\000\040\000v\000i\000r\000t\000u\000a\000l\000\040\000M\000e\000m\000o\000r\000y\000\040\000e\000x\000a\000m\000p\000l\000e}{chapter.3}% 39
\BOOKMARK [-1][-]{part.2}{\376\377\000I\000I\000\040\000F\000i\000n\000a\000l}{}% 40
\BOOKMARK [0][-]{chapter.4}{\376\377\000I\000n\000s\000t\000r\000u\000c\000t\000i\000o\000n\000\040\000L\000e\000v\000e\000l\000\040\000P\000a\000r\000a\000l\000l\000e\000l\000i\000s\000m}{part.2}% 41
\BOOKMARK [1][-]{section.4.1}{\376\377\000P\000e\000r\000f\000o\000r\000m\000a\000n\000c\000e}{chapter.4}% 42
\BOOKMARK [2][-]{subsubsection*.158}{\376\377\000S\000u\000m\000m\000a\000r\000y}{section.4.1}% 43
\BOOKMARK [1][-]{section.4.2}{\376\377\000B\000a\000s\000i\000c\000\040\000P\000i\000p\000e\000l\000i\000n\000i\000n\000g}{chapter.4}% 44
\BOOKMARK [2][-]{subsubsection*.169}{\376\377\000S\000u\000m\000m\000a\000r\000y}{section.4.2}% 45
\BOOKMARK [1][-]{section.4.3}{\376\377\000P\000i\000p\000e\000l\000i\000n\000i\000n\000g}{chapter.4}% 46
\BOOKMARK [2][-]{subsection.4.3.1}{\376\377\000C\000I\000S\000C\000\040\000v\000s\000.\000\040\000R\000I\000S\000C}{section.4.3}% 47
\BOOKMARK [2][-]{subsection.4.3.2}{\376\377\000I\000n\000s\000t\000r\000u\000c\000t\000i\000o\000n\000\040\000a\000r\000e\000\040\000n\000o\000t\000\040\000i\000n\000d\000e\000p\000e\000n\000d\000e\000n\000t}{section.4.3}% 48
\BOOKMARK [3][-]{subsubsection*.198}{\376\377\000S\000t\000r\000u\000c\000t\000u\000r\000a\000l\000\040\000H\000a\000z\000a\000r\000d\000s}{subsection.4.3.2}% 49
\BOOKMARK [3][-]{subsubsection*.207}{\376\377\000T\000h\000r\000e\000e\000\040\000T\000y\000p\000e\000s\000\040\000o\000f\000\040\000H\000a\000z\000a\000r\000d\000s\000\040\000H\000i\000n\000d\000e\000r\000\040\000P\000i\000p\000e\000l\000i\000n\000i\000n\000g}{subsection.4.3.2}% 50
\BOOKMARK [1][-]{section.4.4}{\376\377\000D\000y\000n\000a\000m\000i\000c\000\040\000S\000c\000h\000e\000d\000u\000l\000i\000n\000g}{chapter.4}% 51
\BOOKMARK [2][-]{subsubsection*.216}{\376\377\000P\000r\000o\000b\000l\000e\000m\000s\000\040\000t\000o\000\040\000s\000o\000l\000v\000e}{section.4.4}% 52
\BOOKMARK [2][-]{subsection.4.4.1}{\376\377\000D\000y\000n\000a\000m\000i\000c\000a\000l\000l\000y\000\040\000S\000c\000h\000e\000d\000u\000l\000e\000d\000\040\000P\000r\000o\000c\000e\000s\000s\000o\000r}{section.4.4}% 53
\BOOKMARK [1][-]{section.4.5}{\376\377\000S\000c\000h\000e\000d\000u\000l\000i\000n\000g\000\040\000E\000x\000a\000m\000p\000l\000e\000s}{chapter.4}% 54
\BOOKMARK [2][-]{subsection.4.5.1}{\376\377\000A\000r\000c\000h\000i\000t\000e\000c\000t\000u\000r\000e\000\040\0001}{section.4.5}% 55
\BOOKMARK [2][-]{subsection.4.5.2}{\376\377\000A\000r\000c\000h\000i\000t\000e\000c\000t\000u\000r\000e\000\040\0002}{section.4.5}% 56
\BOOKMARK [2][-]{subsection.4.5.3}{\376\377\000A\000r\000c\000h\000i\000t\000e\000c\000t\000u\000r\000e\000\040\0003}{section.4.5}% 57
\BOOKMARK [2][-]{subsection.4.5.4}{\376\377\000A\000r\000c\000h\000i\000t\000e\000c\000t\000u\000r\000e\000\040\0004}{section.4.5}% 58
\BOOKMARK [2][-]{subsection.4.5.5}{\376\377\000A\000r\000c\000h\000i\000t\000e\000c\000t\000u\000r\000e\000\040\0005}{section.4.5}% 59
\BOOKMARK [1][-]{section.4.6}{\376\377\000B\000e\000s\000i\000d\000e\000s\000\040\000a\000n\000d\000\040\000B\000e\000y\000o\000n\000d\000\040\000S\000u\000p\000e\000r\000s\000c\000a\000l\000a\000r\000s}{chapter.4}% 60
\BOOKMARK [2][-]{subsubsection*.244}{\376\377\000I\000n\000t\000e\000l\000\040\000P\000r\000o\000c\000e\000s\000s\000o\000r\000\040\000a\000n\000d\000\040\000F\000e\000t\000c\000h}{section.4.6}% 61
\BOOKMARK [2][-]{subsection.4.6.1}{\376\377\000D\000y\000n\000a\000m\000i\000c\000\040\000B\000r\000a\000n\000c\000h\000\040\000P\000r\000e\000d\000i\000c\000t\000i\000o\000n}{section.4.6}% 62
\BOOKMARK [2][-]{subsection.4.6.2}{\376\377\000S\000i\000m\000u\000l\000t\000a\000n\000e\000o\000u\000s\000\040\000M\000u\000l\000t\000i\000t\000h\000r\000e\000a\000d\000i\000n\000g}{section.4.6}% 63
\BOOKMARK [3][-]{subsubsection*.247}{\376\377\000H\000o\000w\000\040\000d\000o\000\040\000w\000e\000\040\000d\000o\000\040\000i\000t\000?}{subsection.4.6.2}% 64
\BOOKMARK [2][-]{subsection.4.6.3}{\376\377\000N\000o\000n\000\040\000B\000l\000o\000c\000k\000i\000n\000g\000\040\000C\000a\000c\000h\000e\000s}{section.4.6}% 65
\BOOKMARK [2][-]{subsection.4.6.4}{\376\377\000V\000e\000r\000y\000\040\000L\000o\000n\000g\000\040\000I\000n\000s\000t\000r\000u\000c\000t\000i\000o\000n\000\040\000W\000o\000r\000d\000\040\000\050\000V\000L\000I\000W\000\051\000\040\000P\000r\000o\000c\000e\000s\000s\000o\000r}{section.4.6}% 66
\BOOKMARK [2][-]{subsection.4.6.5}{\376\377\000S\000u\000m\000m\000a\000r\000y\000\040\000o\000f\000\040\000c\000h\000a\000p\000t\000e\000r\000\040\0004}{section.4.6}% 67
\BOOKMARK [1][-]{section.4.7}{\376\377\000I\000n\000t\000e\000l\000\040\000x\0008\0006\000\040\000a\000n\000d\000\040\000A\000R\000M}{chapter.4}% 68
\BOOKMARK [0][-]{chapter.5}{\376\377\000M\000u\000l\000t\000i\000p\000r\000o\000c\000e\000s\000s\000o\000r\000s}{part.2}% 69
\BOOKMARK [1][-]{section.5.1}{\376\377\000C\000a\000c\000h\000e\000\040\000C\000o\000h\000e\000r\000e\000n\000c\000e}{chapter.5}% 70
\BOOKMARK [2][-]{subsubsection*.270}{\376\377\000A\000c\000c\000e\000s\000s\000i\000n\000g\000\040\000M\000e\000m\000o\000r\000y\000\040\000i\000n\000\040\000D\000i\000s\000t\000r\000i\000b\000u\000t\000e\000d\000\040\000S\000y\000s\000t\000e\000m\000s}{section.5.1}% 71
\BOOKMARK [3][-]{subsubsection*.277}{\376\377\000S\000n\000o\000o\000p\000y\000\040\000C\000a\000c\000h\000e\000-\000C\000o\000h\000e\000r\000e\000n\000c\000e\000\040\000P\000r\000o\000t\000o\000c\000o\000l\000s}{subsubsection*.270}% 72
\BOOKMARK [3][-]{subsubsection*.280}{\376\377\000F\000S\000M\000\040\000o\000f\000\040\000a\000\040\000C\000a\000c\000h\000e}{subsubsection*.270}% 73
\BOOKMARK [3][-]{subsubsection*.285}{\376\377\000D\000i\000r\000e\000c\000t\000o\000r\000y\000-\000B\000a\000s\000e\000d\000\040\000C\000a\000c\000h\000e\000\040\000C\000o\000h\000e\000r\000e\000n\000c\000e}{subsubsection*.270}% 74
\BOOKMARK [3][-]{subsubsection*.287}{\376\377\000M\000u\000l\000t\000i\000l\000e\000v\000e\000l\000\040\000C\000a\000c\000h\000e\000s}{subsubsection*.270}% 75
\BOOKMARK [1][-]{section.5.2}{\376\377\000E\000x\000a\000m\000p\000l\000e\000s\000\040\000o\000f\000\040\000C\000a\000c\000h\000e\000\040\000C\000o\000h\000e\000r\000e\000n\000c\000e}{chapter.5}% 76
\BOOKMARK [1][-]{section.5.3}{\376\377\000M\000e\000m\000o\000r\000y\000\040\000C\000o\000n\000s\000i\000s\000t\000e\000n\000c\000y}{chapter.5}% 77
\BOOKMARK [2][-]{subsection.5.3.1}{\376\377\000S\000u\000m\000m\000a\000r\000y\000\040\000M\000u\000l\000t\000i\000p\000r\000o\000c\000e\000s\000s\000o\000r\000s}{section.5.3}% 78
\BOOKMARK [0][-]{chapter.6}{\376\377\000H\000a\000r\000d\000w\000a\000r\000e\000\040\000S\000e\000c\000r\000u\000r\000i\000t\000y}{part.2}% 79
\BOOKMARK [1][-]{subsection.6.0.1}{\376\377\000W\000h\000y\000\040\000H\000a\000r\000d\000w\000a\000r\000e\000\040\000S\000e\000c\000u\000r\000i\000t\000y}{chapter.6}% 80
\BOOKMARK [2][-]{subsubsection*.318}{\376\377\000B\000a\000s\000i\000c\000\040\000D\000e\000f\000i\000n\000i\000t\000i\000o\000n\000s}{subsection.6.0.1}% 81
\BOOKMARK [3][-]{subsubsection*.320}{\376\377\000A\000t\000t\000a\000c\000k\000s\000\040\000o\000n\000\040\000M\000e\000m\000o\000r\000y\000\040\000t\000o\000\040\000C\000o\000m\000p\000r\000o\000m\000i\000s\000e\000\040\000I\000n\000t\000e\000g\000r\000i\000t\000y}{subsubsection*.318}% 82
\BOOKMARK [2][-]{subsection.6.0.2}{\376\377\000C\000o\000v\000e\000r\000t\000\040\000C\000h\000a\000n\000n\000e\000l\000s\000\040\000a\000n\000d\000\040\000S\000i\000d\000e\000-\000C\000h\000a\000n\000n\000e\000l\000\040\000A\000t\000t\000a\000c\000k\000s}{subsection.6.0.1}% 83
\BOOKMARK [2][-]{subsection.6.0.3}{\376\377\000A\000t\000t\000a\000c\000k\000s\000\040\000o\000n\000\040\000T\000i\000m\000i\000n\000g\000\040\000t\000o\000\040\000B\000r\000e\000a\000k\000\040\000I\000s\000o\000l\000a\000t\000i\000o\000n\000\040\000a\000n\000d\000\040\000C\000o\000n\000f\000i\000d\000e\000n\000t\000i\000a\000l\000i\000t\000y}{subsection.6.0.1}% 84
\BOOKMARK [2][-]{subsection.6.0.4}{\376\377\000A\000t\000t\000a\000c\000k\000s\000\040\000o\000n\000\040\000M\000e\000m\000o\000r\000y\000\040\000t\000o\000\040\000B\000r\000e\000a\000k\000\040\000I\000s\000o\000l\000a\000t\000i\000o\000n\000\040\000a\000n\000d\000\040\000C\000o\000n\000f\000i\000d\000e\000n\000t\000i\000a\000l\000i\000t\000y}{subsection.6.0.1}% 85
\BOOKMARK [2][-]{subsection.6.0.5}{\376\377\000C\000o\000m\000b\000i\000n\000e\000d\000\040\000A\000t\000t\000a\000c\000k\000s\000\040\000t\000o\000\040\000B\000r\000e\000a\000k\000\040\000I\000s\000o\000l\000a\000t\000i\000o\000n\000\040\000a\000n\000d\000\040\000C\000o\000n\000f\000i\000d\000e\000n\000t\000i\000a\000l\000i\000t\000y\000\040\000\050\000M\000e\000l\000t\000d\000o\000w\000n\000\051}{subsection.6.0.1}% 86
\BOOKMARK [2][-]{subsection.6.0.6}{\376\377\000C\000o\000m\000b\000i\000n\000e\000d\000\040\000A\000t\000t\000a\000c\000k\000s\000\040\000t\000o\000\040\000B\000r\000e\000a\000k\000\040\000I\000s\000o\000l\000a\000t\000i\000o\000n\000\040\000a\000n\000d\000\040\000C\000o\000n\000f\000i\000d\000e\000n\000t\000i\000a\000l\000i\000t\000y\000\040\000\050\000S\000p\000e\000c\000t\000r\000e\000\051}{subsection.6.0.1}% 87
